CRITICAL - 2023-02-23 14:21:15 --> Call to undefined function src()
in APPPATH\Views\main-header.php on line 135.
 1 APPPATH\Views\main.php(2): include_once()
 2 SYSTEMPATH\View\View.php(213): include('APPPATH\\Views\\main.php')
 3 SYSTEMPATH\View\View.php(216): CodeIgniter\View\View->CodeIgniter\View\{closure}()
 4 SYSTEMPATH\Common.php(1177): CodeIgniter\View\View->render('main', [], true)
 5 APPPATH\Controllers\Main.php(9): view('main')
 6 SYSTEMPATH\CodeIgniter.php(934): App\Controllers\Main->index()
 7 SYSTEMPATH\CodeIgniter.php(499): CodeIgniter\CodeIgniter->runController(Object(App\Controllers\Main))
 8 SYSTEMPATH\CodeIgniter.php(368): CodeIgniter\CodeIgniter->handleRequest(null, Object(Config\Cache), false)
 9 FCPATH\index.php(67): CodeIgniter\CodeIgniter->run()
CRITICAL - 2023-02-23 14:36:19 --> Call to undefined function src()
in APPPATH\Views\main-header.php on line 135.
 1 APPPATH\Views\main.php(2): include_once()
 2 SYSTEMPATH\View\View.php(213): include('APPPATH\\Views\\main.php')
 3 SYSTEMPATH\View\View.php(216): CodeIgniter\View\View->CodeIgniter\View\{closure}()
 4 SYSTEMPATH\Common.php(1177): CodeIgniter\View\View->render('main', [], true)
 5 APPPATH\Controllers\Main.php(9): view('main')
 6 SYSTEMPATH\CodeIgniter.php(934): App\Controllers\Main->index()
 7 SYSTEMPATH\CodeIgniter.php(499): CodeIgniter\CodeIgniter->runController(Object(App\Controllers\Main))
 8 SYSTEMPATH\CodeIgniter.php(368): CodeIgniter\CodeIgniter->handleRequest(null, Object(Config\Cache), false)
 9 FCPATH\index.php(67): CodeIgniter\CodeIgniter->run()
CRITICAL - 2023-02-23 14:44:50 --> syntax error, unexpected identifier "src", expecting "," or ";"
in APPPATH\Views\main-header.php on line 135.
 1 SYSTEMPATH\View\View.php(213): include()
 2 SYSTEMPATH\View\View.php(216): CodeIgniter\View\View->CodeIgniter\View\{closure}()
 3 SYSTEMPATH\Common.php(1177): CodeIgniter\View\View->render('main', [], true)
 4 APPPATH\Controllers\Main.php(9): view('main')
 5 SYSTEMPATH\CodeIgniter.php(934): App\Controllers\Main->index()
 6 SYSTEMPATH\CodeIgniter.php(499): CodeIgniter\CodeIgniter->runController(Object(App\Controllers\Main))
 7 SYSTEMPATH\CodeIgniter.php(368): CodeIgniter\CodeIgniter->handleRequest(null, Object(Config\Cache), false)
 8 FCPATH\index.php(67): CodeIgniter\CodeIgniter->run()
CRITICAL - 2023-02-23 14:45:07 --> Call to undefined function src()
in APPPATH\Views\main-header.php on line 135.
 1 APPPATH\Views\main.php(2): include_once()
 2 SYSTEMPATH\View\View.php(213): include('APPPATH\\Views\\main.php')
 3 SYSTEMPATH\View\View.php(216): CodeIgniter\View\View->CodeIgniter\View\{closure}()
 4 SYSTEMPATH\Common.php(1177): CodeIgniter\View\View->render('main', [], true)
 5 APPPATH\Controllers\Main.php(9): view('main')
 6 SYSTEMPATH\CodeIgniter.php(934): App\Controllers\Main->index()
 7 SYSTEMPATH\CodeIgniter.php(499): CodeIgniter\CodeIgniter->runController(Object(App\Controllers\Main))
 8 SYSTEMPATH\CodeIgniter.php(368): CodeIgniter\CodeIgniter->handleRequest(null, Object(Config\Cache), false)
 9 FCPATH\index.php(67): CodeIgniter\CodeIgniter->run()
